{"C:\\Users\\User\\Downloads\\terraform_0.14.4_windows_amd64\\custom-github-action\\src\\commitValidation.ts": {"path":"C:\\Users\\User\\Downloads\\terraform_0.14.4_windows_amd64\\custom-github-action\\src\\commitValidation.ts","all":false,"statementMap":{"0":{"start":{"line":1,"column":0},"end":{"line":1,"column":25}},"1":{"start":{"line":2,"column":0},"end":{"line":2,"column":0}},"2":{"start":{"line":3,"column":0},"end":{"line":3,"column":65}},"3":{"start":{"line":4,"column":0},"end":{"line":4,"column":0}},"4":{"start":{"line":5,"column":0},"end":{"line":5,"column":19}},"5":{"start":{"line":6,"column":0},"end":{"line":6,"column":42}},"6":{"start":{"line":7,"column":0},"end":{"line":7,"column":19}},"7":{"start":{"line":8,"column":0},"end":{"line":8,"column":38}},"8":{"start":{"line":9,"column":0},"end":{"line":9,"column":0}},"9":{"start":{"line":10,"column":0},"end":{"line":10,"column":56}},"10":{"start":{"line":11,"column":0},"end":{"line":11,"column":55}},"11":{"start":{"line":12,"column":0},"end":{"line":12,"column":0}},"12":{"start":{"line":13,"column":0},"end":{"line":13,"column":52}},"13":{"start":{"line":14,"column":0},"end":{"line":14,"column":44}},"14":{"start":{"line":15,"column":0},"end":{"line":15,"column":2}},"15":{"start":{"line":16,"column":0},"end":{"line":16,"column":69}},"16":{"start":{"line":17,"column":0},"end":{"line":17,"column":73}},"17":{"start":{"line":18,"column":0},"end":{"line":18,"column":29}},"18":{"start":{"line":19,"column":0},"end":{"line":19,"column":4}},"19":{"start":{"line":20,"column":0},"end":{"line":20,"column":46}},"20":{"start":{"line":21,"column":0},"end":{"line":21,"column":54}},"21":{"start":{"line":22,"column":0},"end":{"line":22,"column":0}},"22":{"start":{"line":23,"column":0},"end":{"line":23,"column":54}},"23":{"start":{"line":24,"column":0},"end":{"line":24,"column":75}},"24":{"start":{"line":25,"column":0},"end":{"line":25,"column":6}},"25":{"start":{"line":26,"column":0},"end":{"line":26,"column":72}},"26":{"start":{"line":27,"column":0},"end":{"line":27,"column":45}},"27":{"start":{"line":28,"column":0},"end":{"line":28,"column":40}},"28":{"start":{"line":29,"column":0},"end":{"line":29,"column":14}},"29":{"start":{"line":30,"column":0},"end":{"line":30,"column":159}},"30":{"start":{"line":31,"column":0},"end":{"line":31,"column":160}},"31":{"start":{"line":32,"column":0},"end":{"line":32,"column":7}},"32":{"start":{"line":33,"column":0},"end":{"line":33,"column":0}},"33":{"start":{"line":34,"column":0},"end":{"line":34,"column":10}},"34":{"start":{"line":35,"column":0},"end":{"line":35,"column":50}},"35":{"start":{"line":36,"column":0},"end":{"line":36,"column":46}},"36":{"start":{"line":37,"column":0},"end":{"line":37,"column":3}},"37":{"start":{"line":38,"column":0},"end":{"line":38,"column":1}}},"s":{"0":1,"1":1,"2":1,"3":1,"4":1,"5":1,"6":1,"7":1,"8":1,"9":1,"10":1,"11":1,"12":1,"13":1,"14":0,"15":0,"16":0,"17":0,"18":0,"19":0,"20":0,"21":0,"22":0,"23":0,"24":0,"25":0,"26":0,"27":0,"28":0,"29":0,"30":0,"31":0,"32":0,"33":1,"34":1,"35":1,"36":1,"37":1},"branchMap":{"0":{"type":"branch","line":13,"loc":{"start":{"line":13,"column":0},"end":{"line":38,"column":1}},"locations":[{"start":{"line":13,"column":0},"end":{"line":38,"column":1}}]},"1":{"type":"branch","line":14,"loc":{"start":{"line":14,"column":43},"end":{"line":34,"column":9}},"locations":[{"start":{"line":14,"column":43},"end":{"line":34,"column":9}}]}},"b":{"0":[1],"1":[0]},"fnMap":{"0":{"name":"commitValidation","decl":{"start":{"line":13,"column":0},"end":{"line":38,"column":1}},"loc":{"start":{"line":13,"column":0},"end":{"line":38,"column":1}},"line":13}},"f":{"0":1}}
,"C:\\Users\\User\\Downloads\\terraform_0.14.4_windows_amd64\\custom-github-action\\src\\index.ts": {"path":"C:\\Users\\User\\Downloads\\terraform_0.14.4_windows_amd64\\custom-github-action\\src\\index.ts","all":false,"statementMap":{"0":{"start":{"line":1,"column":0},"end":{"line":1,"column":50}},"1":{"start":{"line":2,"column":0},"end":{"line":2,"column":0}},"2":{"start":{"line":3,"column":0},"end":{"line":3,"column":36}},"3":{"start":{"line":4,"column":0},"end":{"line":4,"column":41}},"4":{"start":{"line":5,"column":0},"end":{"line":5,"column":0}},"5":{"start":{"line":6,"column":0},"end":{"line":6,"column":41}},"6":{"start":{"line":7,"column":0},"end":{"line":7,"column":46}},"7":{"start":{"line":8,"column":0},"end":{"line":8,"column":0}},"8":{"start":{"line":9,"column":0},"end":{"line":9,"column":63}},"9":{"start":{"line":10,"column":0},"end":{"line":10,"column":0}},"10":{"start":{"line":11,"column":0},"end":{"line":11,"column":27}},"11":{"start":{"line":12,"column":0},"end":{"line":12,"column":27}},"12":{"start":{"line":13,"column":0},"end":{"line":13,"column":35}},"13":{"start":{"line":14,"column":0},"end":{"line":14,"column":37}}},"s":{"0":1,"1":1,"2":1,"3":1,"4":1,"5":1,"6":1,"7":1,"8":1,"9":1,"10":1,"11":1,"12":1,"13":1},"branchMap":{},"b":{},"fnMap":{},"f":{}}
,"C:\\Users\\User\\Downloads\\terraform_0.14.4_windows_amd64\\custom-github-action\\src\\markdown.ts": {"path":"C:\\Users\\User\\Downloads\\terraform_0.14.4_windows_amd64\\custom-github-action\\src\\markdown.ts","all":false,"statementMap":{"0":{"start":{"line":1,"column":0},"end":{"line":1,"column":32}},"1":{"start":{"line":2,"column":0},"end":{"line":2,"column":0}},"2":{"start":{"line":3,"column":0},"end":{"line":3,"column":23}},"3":{"start":{"line":4,"column":0},"end":{"line":4,"column":0}},"4":{"start":{"line":5,"column":0},"end":{"line":5,"column":50}},"5":{"start":{"line":6,"column":0},"end":{"line":6,"column":0}},"6":{"start":{"line":7,"column":0},"end":{"line":7,"column":61}},"7":{"start":{"line":8,"column":0},"end":{"line":8,"column":47}},"8":{"start":{"line":9,"column":0},"end":{"line":9,"column":0}},"9":{"start":{"line":10,"column":0},"end":{"line":10,"column":12}},"10":{"start":{"line":11,"column":0},"end":{"line":11,"column":53}},"11":{"start":{"line":12,"column":0},"end":{"line":12,"column":0}},"12":{"start":{"line":13,"column":0},"end":{"line":13,"column":31}},"13":{"start":{"line":14,"column":0},"end":{"line":14,"column":40}},"14":{"start":{"line":15,"column":0},"end":{"line":15,"column":0}},"15":{"start":{"line":16,"column":0},"end":{"line":16,"column":34}},"16":{"start":{"line":17,"column":0},"end":{"line":17,"column":25}},"17":{"start":{"line":18,"column":0},"end":{"line":18,"column":45}},"18":{"start":{"line":19,"column":0},"end":{"line":19,"column":37}},"19":{"start":{"line":20,"column":0},"end":{"line":20,"column":38}},"20":{"start":{"line":21,"column":0},"end":{"line":21,"column":0}},"21":{"start":{"line":22,"column":0},"end":{"line":22,"column":13}},"22":{"start":{"line":23,"column":0},"end":{"line":23,"column":48}},"23":{"start":{"line":24,"column":0},"end":{"line":24,"column":46}},"24":{"start":{"line":25,"column":0},"end":{"line":25,"column":22}},"25":{"start":{"line":26,"column":0},"end":{"line":26,"column":71}},"26":{"start":{"line":27,"column":0},"end":{"line":27,"column":24}},"27":{"start":{"line":28,"column":0},"end":{"line":28,"column":9}},"28":{"start":{"line":29,"column":0},"end":{"line":29,"column":22}},"29":{"start":{"line":30,"column":0},"end":{"line":30,"column":5}},"30":{"start":{"line":31,"column":0},"end":{"line":31,"column":15}},"31":{"start":{"line":32,"column":0},"end":{"line":32,"column":1}}},"s":{"0":1,"1":1,"2":1,"3":1,"4":1,"5":1,"6":1,"7":0,"8":0,"9":0,"10":0,"11":0,"12":0,"13":0,"14":0,"15":0,"16":0,"17":0,"18":0,"19":0,"20":0,"21":0,"22":0,"23":0,"24":0,"25":0,"26":0,"27":0,"28":0,"29":0,"30":0,"31":0},"branchMap":{},"b":{},"fnMap":{"0":{"name":"createMessage","decl":{"start":{"line":7,"column":20},"end":{"line":32,"column":1}},"loc":{"start":{"line":7,"column":20},"end":{"line":32,"column":1}},"line":7}},"f":{"0":0}}
,"C:\\Users\\User\\Downloads\\terraform_0.14.4_windows_amd64\\custom-github-action\\src\\readfile.ts": {"path":"C:\\Users\\User\\Downloads\\terraform_0.14.4_windows_amd64\\custom-github-action\\src\\readfile.ts","all":false,"statementMap":{"0":{"start":{"line":1,"column":0},"end":{"line":1,"column":65}},"1":{"start":{"line":2,"column":0},"end":{"line":2,"column":80}},"2":{"start":{"line":3,"column":0},"end":{"line":3,"column":20}},"3":{"start":{"line":4,"column":0},"end":{"line":4,"column":0}},"4":{"start":{"line":5,"column":0},"end":{"line":5,"column":55}},"5":{"start":{"line":6,"column":0},"end":{"line":6,"column":24}},"6":{"start":{"line":7,"column":0},"end":{"line":7,"column":0}},"7":{"start":{"line":8,"column":0},"end":{"line":8,"column":31}},"8":{"start":{"line":9,"column":0},"end":{"line":9,"column":39}},"9":{"start":{"line":10,"column":0},"end":{"line":10,"column":55}},"10":{"start":{"line":11,"column":0},"end":{"line":11,"column":46}},"11":{"start":{"line":12,"column":0},"end":{"line":12,"column":0}},"12":{"start":{"line":13,"column":0},"end":{"line":13,"column":44}},"13":{"start":{"line":14,"column":0},"end":{"line":14,"column":46}},"14":{"start":{"line":15,"column":0},"end":{"line":15,"column":0}},"15":{"start":{"line":16,"column":0},"end":{"line":16,"column":25}},"16":{"start":{"line":17,"column":0},"end":{"line":17,"column":1}}},"s":{"0":1,"1":1,"2":1,"3":1,"4":1,"5":1,"6":1,"7":1,"8":1,"9":0,"10":0,"11":0,"12":0,"13":0,"14":0,"15":0,"16":0},"branchMap":{},"b":{},"fnMap":{"0":{"name":"readJson","decl":{"start":{"line":9,"column":15},"end":{"line":17,"column":1}},"loc":{"start":{"line":9,"column":15},"end":{"line":17,"column":1}},"line":9}},"f":{"0":0}}
}
